<?xml version="1.0" encoding="UTF-8" standalone="yes"?><!DOCTYPE report PUBLIC "-//JACOCO//DTD Report 1.0//EN" "report.dtd"><report name="gameoflife-build"><sessioninfo id="LAPTOP-AMTTK0EF-7b4273cf" start="1538505513827" dump="1538505514342"/><sessioninfo id="LAPTOP-AMTTK0EF-ecb111c8" start="1538506039526" dump="1538506040137"/><sessioninfo id="LAPTOP-AMTTK0EF-c9cbb21" start="1538506183255" dump="1538506183614"/><sessioninfo id="LAPTOP-AMTTK0EF-451a7980" start="1538506184266" dump="1538506184697"/><sessioninfo id="LAPTOP-AMTTK0EF-30177b71" start="1538506701395" dump="1538506701848"/><sessioninfo id="LAPTOP-AMTTK0EF-4a2daa32" start="1538506703257" dump="1538506704196"/><sessioninfo id="LAPTOP-AMTTK0EF-512100d4" start="1538584285782" dump="1538584286480"/><sessioninfo id="LAPTOP-AMTTK0EF-bba34b64" start="1538584293264" dump="1538584293734"/><sessioninfo id="LAPTOP-AMTTK0EF-4dbb1f49" start="1538585820665" dump="1538585821036"/><sessioninfo id="LAPTOP-AMTTK0EF-cd60fcc2" start="1538585823637" dump="1538585824111"/></report>